EVENTO SONORO
Inizio acquisizione spezzone audio = 02/07/2020 21:01:08
freq @ ampiezza max = 10
Ampiezza max = 1,566254E-3
freq @ ampiezza min= 11020
Ampiezza min = 34,003746E-12

EVENTO SONORO
Inizio acquisizione spezzone audio = 02/07/2020 21:01:09
freq @ ampiezza max = 5
Ampiezza max = 1,604880E-3
freq @ ampiezza min= 11010
Ampiezza min = 38,466476E-12

EVENTO SONORO
Inizio acquisizione spezzone audio = 02/07/2020 21:01:22
freq @ ampiezza max = 0
Ampiezza max = 1,725522E-3
freq @ ampiezza min= 10985
Ampiezza min = 26,105053E-12

EVENTO SONORO
Inizio acquisizione spezzone audio = 02/07/2020 21:01:22
freq @ ampiezza max = 10
Ampiezza max = 1,630622E-3
freq @ ampiezza min= 11020
Ampiezza min = 57,461432E-12

EVENTO SONORO
Inizio acquisizione spezzone audio = 02/07/2020 21:01:22
freq @ ampiezza max = 0
Ampiezza max = 1,422986E-3
freq @ ampiezza min= 11020
Ampiezza min = 13,920541E-12

EVENTO SONORO
Inizio acquisizione spezzone audio = 02/07/2020 21:01:22
freq @ ampiezza max = 5
Ampiezza max = 2,081723E-3
freq @ ampiezza min= 11020
Ampiezza min = 37,768598E-12

EVENTO SONORO
Inizio acquisizione spezzone audio = 02/07/2020 21:01:23
freq @ ampiezza max = 5
Ampiezza max = 1,937703E-3
freq @ ampiezza min= 11015
Ampiezza min = 68,230756E-12

EVENTO SONORO
Inizio acquisizione spezzone audio = 02/07/2020 21:01:23
freq @ ampiezza max = 10
Ampiezza max = 1,681172E-3
freq @ ampiezza min= 11020
Ampiezza min = 40,562835E-12

EVENTO SONORO
Inizio acquisizione spezzone audio = 02/07/2020 21:01:23
freq @ ampiezza max = 5
Ampiezza max = 1,801386E-3
freq @ ampiezza min= 11015
Ampiezza min = 35,671001E-12

EVENTO SONORO
Inizio acquisizione spezzone audio = 02/07/2020 21:01:23
freq @ ampiezza max = 10
Ampiezza max = 1,615766E-3
freq @ ampiezza min= 11020
Ampiezza min = 19,017126E-12

EVENTO SONORO
Inizio acquisizione spezzone audio = 02/07/2020 21:01:23
freq @ ampiezza max = 0
Ampiezza max = 1,343936E-3
freq @ ampiezza min= 11020
Ampiezza min = 51,794389E-12

EVENTO SONORO
Inizio acquisizione spezzone audio = 02/07/2020 21:01:24
freq @ ampiezza max = 5
Ampiezza max = 1,554949E-3
freq @ ampiezza min= 11020
Ampiezza min = 22,418492E-12

EVENTO SONORO
Inizio acquisizione spezzone audio = 02/07/2020 21:01:24
freq @ ampiezza max = 5
Ampiezza max = 1,488975E-3
freq @ ampiezza min= 11020
Ampiezza min = 19,557694E-12

EVENTO SONORO
Inizio acquisizione spezzone audio = 02/07/2020 21:01:27
freq @ ampiezza max = 10
Ampiezza max = 1,487124E-3
freq @ ampiezza min= 11020
Ampiezza min = 5,263913E-12

EVENTO SONORO
Inizio acquisizione spezzone audio = 02/07/2020 21:01:27
freq @ ampiezza max = 5
Ampiezza max = 2,519638E-3
freq @ ampiezza min= 11020
Ampiezza min = 16,262797E-12

EVENTO SONORO
Inizio acquisizione spezzone audio = 02/07/2020 21:01:27
freq @ ampiezza max = 5
Ampiezza max = 1,825498E-3
freq @ ampiezza min= 11020
Ampiezza min = 78,013293E-12

EVENTO SONORO
Inizio acquisizione spezzone audio = 02/07/2020 21:01:28
freq @ ampiezza max = 5
Ampiezza max = 1,718386E-3
freq @ ampiezza min= 11020
Ampiezza min = 5,554050E-12

EVENTO SONORO
Inizio acquisizione spezzone audio = 02/07/2020 21:01:28
freq @ ampiezza max = 10
Ampiezza max = 1,399334E-3
freq @ ampiezza min= 11020
Ampiezza min = 32,498017E-12

EVENTO SONORO
Inizio acquisizione spezzone audio = 02/07/2020 21:01:29
freq @ ampiezza max = 10
Ampiezza max = 1,644476E-3
freq @ ampiezza min= 10990
Ampiezza min = 21,797707E-12

